<?xml version="1.0" encoding="UTF-8"?>
<!-- Generated by org.testng.reporters.JUnitReportReporter -->
<testsuite hostname="vinoth" failures="0" tests="15" name="com.Hexagon.pom.testcases.MoneyMarket_EarlyMaturity_SingleCurrency.MM_Full_CurrentDate_ChangeINT" time="1506.969" errors="0" timestamp="2023-12-04T12:30:31 IST" skipped="0">
  <testcase classname="com.Hexagon.pom.testcases.MoneyMarket_EarlyMaturity_SingleCurrency.MM_Full_CurrentDate_ChangeINT" name="Create_DepositPlacement" time="248.241"/>
  <system-out/>
  <testcase classname="com.Hexagon.pom.testcases.MoneyMarket_EarlyMaturity_SingleCurrency.MM_Full_CurrentDate_ChangeINT" name="Approve_DepositPlacement" time="53.839"/>
  <system-out/>
  <testcase classname="com.Hexagon.pom.testcases.MoneyMarket_EarlyMaturity_SingleCurrency.MM_Full_CurrentDate_ChangeINT" name="ManualNAVclosing" time="137.155"/>
  <system-out/>
  <testcase classname="com.Hexagon.pom.testcases.MoneyMarket_EarlyMaturity_SingleCurrency.MM_Full_CurrentDate_ChangeINT" name="View_AccountingEnquiry_Report" time="47.619"/>
  <system-out/>
  <testcase classname="com.Hexagon.pom.testcases.MoneyMarket_EarlyMaturity_SingleCurrency.MM_Full_CurrentDate_ChangeINT" name="Verify_BankTransactions_Report" time="52.355"/>
  <system-out/>
  <testcase classname="com.Hexagon.pom.testcases.MoneyMarket_EarlyMaturity_SingleCurrency.MM_Full_CurrentDate_ChangeINT" name="Intraday_Freeze" time="474.237"/>
  <system-out/>
  <testcase classname="com.Hexagon.pom.testcases.MoneyMarket_EarlyMaturity_SingleCurrency.MM_Full_CurrentDate_ChangeINT" name="Create_BulkDepositMaturity" time="63.433"/>
  <system-out/>
  <testcase classname="com.Hexagon.pom.testcases.MoneyMarket_EarlyMaturity_SingleCurrency.MM_Full_CurrentDate_ChangeINT" name="Approve_BulkDepositMaturity" time="55.577"/>
  <system-out/>
  <testcase classname="com.Hexagon.pom.testcases.MoneyMarket_EarlyMaturity_SingleCurrency.MM_Full_CurrentDate_ChangeINT" name="ManualNAVClosing" time="74.925"/>
  <system-out/>
  <testcase classname="com.Hexagon.pom.testcases.MoneyMarket_EarlyMaturity_SingleCurrency.MM_Full_CurrentDate_ChangeINT" name="Verify_AccountingEnquiry_Report" time="56.465"/>
  <system-out/>
  <testcase classname="com.Hexagon.pom.testcases.MoneyMarket_EarlyMaturity_SingleCurrency.MM_Full_CurrentDate_ChangeINT" name="Verify_BankTransactionsReport" time="52.489"/>
  <system-out/>
  <testcase classname="com.Hexagon.pom.testcases.MoneyMarket_EarlyMaturity_SingleCurrency.MM_Full_CurrentDate_ChangeINT" name="BulkMaturity_Reversal" time="52.038"/>
  <system-out/>
  <testcase classname="com.Hexagon.pom.testcases.MoneyMarket_EarlyMaturity_SingleCurrency.MM_Full_CurrentDate_ChangeINT" name="Reversal_Approval" time="31.502"/>
  <system-out/>
  <testcase classname="com.Hexagon.pom.testcases.MoneyMarket_EarlyMaturity_SingleCurrency.MM_Full_CurrentDate_ChangeINT" name="Verify_ReversalAccountingEnquiry_Report" time="54.361"/>
  <system-out/>
  <testcase classname="com.Hexagon.pom.testcases.MoneyMarket_EarlyMaturity_SingleCurrency.MM_Full_CurrentDate_ChangeINT" name="Verify_ReversalBankTransactionsReport" time="52.733"/>
  <system-out/>
</testsuite> <!-- com.Hexagon.pom.testcases.MoneyMarket_EarlyMaturity_SingleCurrency.MM_Full_CurrentDate_ChangeINT -->
