<?xml version="1.0" encoding="UTF-8"?>
<!-- Generated by org.testng.reporters.JUnitReportReporter -->
<testsuite hostname="vinoth" failures="0" tests="15" name="com.Hexagon.pom.testcases.MoneyMarket_FullMaturity_MultiCurrency.MM_Full_CurrentDate_NoChangeINT" time="1681.102" errors="0" timestamp="2023-12-04T17:20:25 IST" skipped="0">
  <testcase classname="com.Hexagon.pom.testcases.MoneyMarket_FullMaturity_MultiCurrency.MM_Full_CurrentDate_NoChangeINT" name="Create_DepositPlacement" time="247.029"/>
  <system-out/>
  <testcase classname="com.Hexagon.pom.testcases.MoneyMarket_FullMaturity_MultiCurrency.MM_Full_CurrentDate_NoChangeINT" name="Approve_DepositPlacement" time="56.072"/>
  <system-out/>
  <testcase classname="com.Hexagon.pom.testcases.MoneyMarket_FullMaturity_MultiCurrency.MM_Full_CurrentDate_NoChangeINT" name="ManualNAVclosing" time="70.860"/>
  <system-out/>
  <testcase classname="com.Hexagon.pom.testcases.MoneyMarket_FullMaturity_MultiCurrency.MM_Full_CurrentDate_NoChangeINT" name="View_AccountingEnquiry_Report" time="47.708"/>
  <system-out/>
  <testcase classname="com.Hexagon.pom.testcases.MoneyMarket_FullMaturity_MultiCurrency.MM_Full_CurrentDate_NoChangeINT" name="Verify_BankTransactions_Report" time="55.675"/>
  <system-out/>
  <testcase classname="com.Hexagon.pom.testcases.MoneyMarket_FullMaturity_MultiCurrency.MM_Full_CurrentDate_NoChangeINT" name="Intraday_Freeze" time="676.102"/>
  <system-out/>
  <testcase classname="com.Hexagon.pom.testcases.MoneyMarket_FullMaturity_MultiCurrency.MM_Full_CurrentDate_NoChangeINT" name="Create_BulkDepositMaturity" time="105.273"/>
  <system-out/>
  <testcase classname="com.Hexagon.pom.testcases.MoneyMarket_FullMaturity_MultiCurrency.MM_Full_CurrentDate_NoChangeINT" name="Approve_BulkDepositMaturity" time="56.813"/>
  <system-out/>
  <testcase classname="com.Hexagon.pom.testcases.MoneyMarket_FullMaturity_MultiCurrency.MM_Full_CurrentDate_NoChangeINT" name="ManualNAVClosing" time="85.639"/>
  <system-out/>
  <testcase classname="com.Hexagon.pom.testcases.MoneyMarket_FullMaturity_MultiCurrency.MM_Full_CurrentDate_NoChangeINT" name="Verify_AccountingEnquiry_Report" time="41.745"/>
  <system-out/>
  <testcase classname="com.Hexagon.pom.testcases.MoneyMarket_FullMaturity_MultiCurrency.MM_Full_CurrentDate_NoChangeINT" name="Verify_BankTransactionsReport" time="54.974"/>
  <system-out/>
  <testcase classname="com.Hexagon.pom.testcases.MoneyMarket_FullMaturity_MultiCurrency.MM_Full_CurrentDate_NoChangeINT" name="BulkMaturity_Reversal" time="51.168"/>
  <system-out/>
  <testcase classname="com.Hexagon.pom.testcases.MoneyMarket_FullMaturity_MultiCurrency.MM_Full_CurrentDate_NoChangeINT" name="Reversal_Approval" time="28.038"/>
  <system-out/>
  <testcase classname="com.Hexagon.pom.testcases.MoneyMarket_FullMaturity_MultiCurrency.MM_Full_CurrentDate_NoChangeINT" name="Verify_ReversalAccountingEnquiry_Report" time="48.959"/>
  <system-out/>
  <testcase classname="com.Hexagon.pom.testcases.MoneyMarket_FullMaturity_MultiCurrency.MM_Full_CurrentDate_NoChangeINT" name="Verify_ReversalBankTransactionsReport" time="55.047"/>
  <system-out/>
</testsuite> <!-- com.Hexagon.pom.testcases.MoneyMarket_FullMaturity_MultiCurrency.MM_Full_CurrentDate_NoChangeINT -->
