<?xml version="1.0" encoding="UTF-8"?>
<!-- Generated by org.testng.reporters.JUnitReportReporter -->
<testsuite hostname="vinoth" failures="0" tests="35" name="com.Hexagon.pom.testcases.PortfolioSubred.Subred_BackDateTest" time="2625.116" errors="0" timestamp="2023-11-30T12:50:00 IST" skipped="0">
  <testcase classname="com.Hexagon.pom.testcases.PortfolioSubred.Subred_BackDateTest" name="Create_PortfolioSubredT1" time="249.809"/>
  <system-out/>
  <testcase classname="com.Hexagon.pom.testcases.PortfolioSubred.Subred_BackDateTest" name="Approve_PortfolioSubscriptionT1" time="74.098"/>
  <system-out/>
  <testcase classname="com.Hexagon.pom.testcases.PortfolioSubred.Subred_BackDateTest" name="Create_PortfolioSubredT2" time="78.350"/>
  <system-out/>
  <testcase classname="com.Hexagon.pom.testcases.PortfolioSubred.Subred_BackDateTest" name="Approve_PortfolioSubscriptionT2" time="51.679"/>
  <system-out/>
  <testcase classname="com.Hexagon.pom.testcases.PortfolioSubred.Subred_BackDateTest" name="Create_PortfolioSubredT0" time="75.711"/>
  <system-out/>
  <testcase classname="com.Hexagon.pom.testcases.PortfolioSubred.Subred_BackDateTest" name="Approve_PortfolioSubscriptionT0" time="60.681"/>
  <system-out/>
  <testcase classname="com.Hexagon.pom.testcases.PortfolioSubred.Subred_BackDateTest" name="Upload_Subred" time="187.469"/>
  <system-out/>
  <testcase classname="com.Hexagon.pom.testcases.PortfolioSubred.Subred_BackDateTest" name="Approve_Uploaded_PortfolioSubred" time="11.688"/>
  <system-out/>
  <testcase classname="com.Hexagon.pom.testcases.PortfolioSubred.Subred_BackDateTest" name="Verify_SubscriptionRedemption_Report" time="81.457"/>
  <system-out/>
  <testcase classname="com.Hexagon.pom.testcases.PortfolioSubred.Subred_BackDateTest" name="PortfolioSubred_Cancellation" time="101.783"/>
  <system-out/>
  <testcase classname="com.Hexagon.pom.testcases.PortfolioSubred.Subred_BackDateTest" name="Approve_Subred_Cancellation" time="47.976"/>
  <system-out/>
  <testcase classname="com.Hexagon.pom.testcases.PortfolioSubred.Subred_BackDateTest" name="ManualNAVClosing_Intraday" time="63.290"/>
  <system-out/>
  <testcase classname="com.Hexagon.pom.testcases.PortfolioSubred.Subred_BackDateTest" name="View_AccountingEnquiry_Report" time="56.973"/>
  <system-out/>
  <testcase classname="com.Hexagon.pom.testcases.PortfolioSubred.Subred_BackDateTest" name="Create_FullSettlement" time="115.086"/>
  <system-out/>
  <testcase classname="com.Hexagon.pom.testcases.PortfolioSubred.Subred_BackDateTest" name="Approve_FullSettlement" time="82.866"/>
  <system-out/>
  <testcase classname="com.Hexagon.pom.testcases.PortfolioSubred.Subred_BackDateTest" name="Create_PartialSettlement" time="90.527"/>
  <system-out/>
  <testcase classname="com.Hexagon.pom.testcases.PortfolioSubred.Subred_BackDateTest" name="Approve_PartialSettlement" time="47.109"/>
  <system-out/>
  <testcase classname="com.Hexagon.pom.testcases.PortfolioSubred.Subred_BackDateTest" name="Verify_BankTransactions_Report" time="98.460"/>
  <system-out/>
  <testcase classname="com.Hexagon.pom.testcases.PortfolioSubred.Subred_BackDateTest" name="FullSettlement_Reversal" time="89.137"/>
  <system-out/>
  <testcase classname="com.Hexagon.pom.testcases.PortfolioSubred.Subred_BackDateTest" name="Approve_FullSettlement_Reversal" time="37.468"/>
  <system-out/>
  <testcase classname="com.Hexagon.pom.testcases.PortfolioSubred.Subred_BackDateTest" name="PartialSettlement_Reversal" time="62.598"/>
  <system-out/>
  <testcase classname="com.Hexagon.pom.testcases.PortfolioSubred.Subred_BackDateTest" name="Approve_PartialSettlement_Reversal" time="47.365"/>
  <system-out/>
  <testcase classname="com.Hexagon.pom.testcases.PortfolioSubred.Subred_BackDateTest" name="Verify_BankTransactions_report" time="90.882"/>
  <system-out/>
  <testcase classname="com.Hexagon.pom.testcases.PortfolioSubred.Subred_BackDateTest" name="Create_Full_Settlement" time="74.577"/>
  <system-out/>
  <testcase classname="com.Hexagon.pom.testcases.PortfolioSubred.Subred_BackDateTest" name="Approve_Full_Settlement" time="36.627"/>
  <system-out/>
  <testcase classname="com.Hexagon.pom.testcases.PortfolioSubred.Subred_BackDateTest" name="PortfolioSubred_cancellation" time="60.101"/>
  <system-out/>
  <testcase classname="com.Hexagon.pom.testcases.PortfolioSubred.Subred_BackDateTest" name="Create_FullSettlementT2" time="55.243"/>
  <system-out/>
  <testcase classname="com.Hexagon.pom.testcases.PortfolioSubred.Subred_BackDateTest" name="Approve_FullSettlementT2" time="60.529"/>
  <system-out/>
  <testcase classname="com.Hexagon.pom.testcases.PortfolioSubred.Subred_BackDateTest" name="FullSettlement_ReversalT2" time="54.743"/>
  <system-out/>
  <testcase classname="com.Hexagon.pom.testcases.PortfolioSubred.Subred_BackDateTest" name="Approve_FullSettlement_ReversalT2" time="38.351"/>
  <system-out/>
  <testcase classname="com.Hexagon.pom.testcases.PortfolioSubred.Subred_BackDateTest" name="PortfolioSubred_CancellationT2" time="65.655"/>
  <system-out/>
  <testcase classname="com.Hexagon.pom.testcases.PortfolioSubred.Subred_BackDateTest" name="Approve_Subred_CancellationT2" time="41.623"/>
  <system-out/>
  <testcase classname="com.Hexagon.pom.testcases.PortfolioSubred.Subred_BackDateTest" name="Rebuild_NAV" time="60.212"/>
  <system-out/>
  <testcase classname="com.Hexagon.pom.testcases.PortfolioSubred.Subred_BackDateTest" name="ManualNAVclosing_Intraday" time="99.371"/>
  <system-out/>
  <testcase classname="com.Hexagon.pom.testcases.PortfolioSubred.Subred_BackDateTest" name="Verify_NAVSummary_Report" time="75.622"/>
  <system-out/>
</testsuite> <!-- com.Hexagon.pom.testcases.PortfolioSubred.Subred_BackDateTest -->
