<?xml version="1.0" encoding="UTF-8"?>
<!-- Generated by org.testng.reporters.JUnitReportReporter -->
<testsuite hostname="vinoth" failures="0" tests="14" name="com.Hexagon.pom.testcases.MoneyMarket_FullMaturity_MultiCurrency.MM_Partial_FutureDate_ZEROINT" time="1794.539" errors="0" timestamp="2023-12-04T19:07:43 IST" skipped="0">
  <testcase classname="com.Hexagon.pom.testcases.MoneyMarket_FullMaturity_MultiCurrency.MM_Partial_FutureDate_ZEROINT" name="Create_DepositPlacement" time="228.288"/>
  <system-out/>
  <testcase classname="com.Hexagon.pom.testcases.MoneyMarket_FullMaturity_MultiCurrency.MM_Partial_FutureDate_ZEROINT" name="Approve_DepositPlacement" time="58.161"/>
  <system-out/>
  <testcase classname="com.Hexagon.pom.testcases.MoneyMarket_FullMaturity_MultiCurrency.MM_Partial_FutureDate_ZEROINT" name="Create_BulkDepositMaturity" time="88.197"/>
  <system-out/>
  <testcase classname="com.Hexagon.pom.testcases.MoneyMarket_FullMaturity_MultiCurrency.MM_Partial_FutureDate_ZEROINT" name="Approve_BulkDepositMaturity" time="57.542"/>
  <system-out/>
  <testcase classname="com.Hexagon.pom.testcases.MoneyMarket_FullMaturity_MultiCurrency.MM_Partial_FutureDate_ZEROINT" name="Intraday_Freeze" time="847.977"/>
  <system-out/>
  <testcase classname="com.Hexagon.pom.testcases.MoneyMarket_FullMaturity_MultiCurrency.MM_Partial_FutureDate_ZEROINT" name="ManualNAVclosing" time="108.776"/>
  <system-out/>
  <testcase classname="com.Hexagon.pom.testcases.MoneyMarket_FullMaturity_MultiCurrency.MM_Partial_FutureDate_ZEROINT" name="View_AccountingEnquiry_Report" time="47.523"/>
  <system-out/>
  <testcase classname="com.Hexagon.pom.testcases.MoneyMarket_FullMaturity_MultiCurrency.MM_Partial_FutureDate_ZEROINT" name="Verify_BankTransactions_Report" time="55.610"/>
  <system-out/>
  <testcase classname="com.Hexagon.pom.testcases.MoneyMarket_FullMaturity_MultiCurrency.MM_Partial_FutureDate_ZEROINT" name="Verify_AccountingEnquiry_Report" time="50.689"/>
  <system-out/>
  <testcase classname="com.Hexagon.pom.testcases.MoneyMarket_FullMaturity_MultiCurrency.MM_Partial_FutureDate_ZEROINT" name="Verify_BankTransactionsReport" time="55.514"/>
  <system-out/>
  <testcase classname="com.Hexagon.pom.testcases.MoneyMarket_FullMaturity_MultiCurrency.MM_Partial_FutureDate_ZEROINT" name="BulkMaturity_Reversal" time="52.039"/>
  <system-out/>
  <testcase classname="com.Hexagon.pom.testcases.MoneyMarket_FullMaturity_MultiCurrency.MM_Partial_FutureDate_ZEROINT" name="Reversal_Approval" time="30.755"/>
  <system-out/>
  <testcase classname="com.Hexagon.pom.testcases.MoneyMarket_FullMaturity_MultiCurrency.MM_Partial_FutureDate_ZEROINT" name="Verify_ReversalAccountingEnquiry_Report" time="57.758"/>
  <system-out/>
  <testcase classname="com.Hexagon.pom.testcases.MoneyMarket_FullMaturity_MultiCurrency.MM_Partial_FutureDate_ZEROINT" name="Verify_ReversalBankTransactionsReport" time="55.710"/>
  <system-out/>
</testsuite> <!-- com.Hexagon.pom.testcases.MoneyMarket_FullMaturity_MultiCurrency.MM_Partial_FutureDate_ZEROINT -->
