<?xml version="1.0" encoding="UTF-8"?>
<!-- Generated by org.testng.reporters.JUnitReportReporter -->
<testsuite hostname="vinoth" failures="0" tests="15" name="com.Hexagon.pom.testcases.MoneyMarket_EarlyMaturity_MultiCurrency.MM_Full_BackDate_NoChangeINT" time="1377.139" errors="0" timestamp="2023-07-14T17:05:03 IST" skipped="0">
  <testcase classname="com.Hexagon.pom.testcases.MoneyMarket_EarlyMaturity_MultiCurrency.MM_Full_BackDate_NoChangeINT" name="Create_DepositPlacement" time="287.881"/>
  <system-out/>
  <testcase classname="com.Hexagon.pom.testcases.MoneyMarket_EarlyMaturity_MultiCurrency.MM_Full_BackDate_NoChangeINT" name="Approve_DepositPlacement" time="73.365"/>
  <system-out/>
  <testcase classname="com.Hexagon.pom.testcases.MoneyMarket_EarlyMaturity_MultiCurrency.MM_Full_BackDate_NoChangeINT" name="Rebuild_NAV" time="65.831"/>
  <system-out/>
  <testcase classname="com.Hexagon.pom.testcases.MoneyMarket_EarlyMaturity_MultiCurrency.MM_Full_BackDate_NoChangeINT" name="View_AccountingEnquiry_Report" time="61.453"/>
  <system-out/>
  <testcase classname="com.Hexagon.pom.testcases.MoneyMarket_EarlyMaturity_MultiCurrency.MM_Full_BackDate_NoChangeINT" name="Verify_BankTransactions_Report" time="94.649"/>
  <system-out/>
  <testcase classname="com.Hexagon.pom.testcases.MoneyMarket_EarlyMaturity_MultiCurrency.MM_Full_BackDate_NoChangeINT" name="RebuildNAV" time="56.511"/>
  <system-out/>
  <testcase classname="com.Hexagon.pom.testcases.MoneyMarket_EarlyMaturity_MultiCurrency.MM_Full_BackDate_NoChangeINT" name="Create_BulkDepositMaturity" time="70.261"/>
  <system-out/>
  <testcase classname="com.Hexagon.pom.testcases.MoneyMarket_EarlyMaturity_MultiCurrency.MM_Full_BackDate_NoChangeINT" name="Approve_BulkDepositMaturity" time="72.585"/>
  <system-out/>
  <testcase classname="com.Hexagon.pom.testcases.MoneyMarket_EarlyMaturity_MultiCurrency.MM_Full_BackDate_NoChangeINT" name="Rebuildnav" time="98.902"/>
  <system-out/>
  <testcase classname="com.Hexagon.pom.testcases.MoneyMarket_EarlyMaturity_MultiCurrency.MM_Full_BackDate_NoChangeINT" name="Verify_AccountingEnquiry_Report" time="113.629"/>
  <system-out/>
  <testcase classname="com.Hexagon.pom.testcases.MoneyMarket_EarlyMaturity_MultiCurrency.MM_Full_BackDate_NoChangeINT" name="Verify_BankTransactionsReport" time="104.826"/>
  <system-out/>
  <testcase classname="com.Hexagon.pom.testcases.MoneyMarket_EarlyMaturity_MultiCurrency.MM_Full_BackDate_NoChangeINT" name="BulkMaturity_Reversal" time="66.884"/>
  <system-out/>
  <testcase classname="com.Hexagon.pom.testcases.MoneyMarket_EarlyMaturity_MultiCurrency.MM_Full_BackDate_NoChangeINT" name="Reversal_Approval" time="31.488"/>
  <system-out/>
  <testcase classname="com.Hexagon.pom.testcases.MoneyMarket_EarlyMaturity_MultiCurrency.MM_Full_BackDate_NoChangeINT" name="Verify_ReversalAccountingEnquiry_Report" time="73.631"/>
  <system-out/>
  <testcase classname="com.Hexagon.pom.testcases.MoneyMarket_EarlyMaturity_MultiCurrency.MM_Full_BackDate_NoChangeINT" name="Verify_ReversalBankTransactionsReport" time="105.243"/>
  <system-out/>
</testsuite> <!-- com.Hexagon.pom.testcases.MoneyMarket_EarlyMaturity_MultiCurrency.MM_Full_BackDate_NoChangeINT -->
