<?xml version="1.0" encoding="UTF-8"?>
<!-- Generated by org.testng.reporters.JUnitReportReporter -->
<testsuite hostname="vinoth" failures="0" tests="15" name="com.Hexagon.pom.testcases.MoneyMarket_FullMaturity_MultiCurrency.MM_Partial_BackDate_NoChageINT" time="1051.878" errors="0" timestamp="2023-12-04T18:33:26 IST" skipped="0">
  <testcase classname="com.Hexagon.pom.testcases.MoneyMarket_FullMaturity_MultiCurrency.MM_Partial_BackDate_NoChageINT" name="Create_DepositPlacement" time="244.867"/>
  <system-out/>
  <testcase classname="com.Hexagon.pom.testcases.MoneyMarket_FullMaturity_MultiCurrency.MM_Partial_BackDate_NoChageINT" name="Approve_DepositPlacement" time="55.332"/>
  <system-out/>
  <testcase classname="com.Hexagon.pom.testcases.MoneyMarket_FullMaturity_MultiCurrency.MM_Partial_BackDate_NoChageINT" name="Rebuild_NAV" time="62.783"/>
  <system-out/>
  <testcase classname="com.Hexagon.pom.testcases.MoneyMarket_FullMaturity_MultiCurrency.MM_Partial_BackDate_NoChageINT" name="View_AccountingEnquiry_Report" time="47.040"/>
  <system-out/>
  <testcase classname="com.Hexagon.pom.testcases.MoneyMarket_FullMaturity_MultiCurrency.MM_Partial_BackDate_NoChageINT" name="Verify_BankTransactions_Report" time="55.103"/>
  <system-out/>
  <testcase classname="com.Hexagon.pom.testcases.MoneyMarket_FullMaturity_MultiCurrency.MM_Partial_BackDate_NoChageINT" name="RebuildNAV" time="41.412"/>
  <system-out/>
  <testcase classname="com.Hexagon.pom.testcases.MoneyMarket_FullMaturity_MultiCurrency.MM_Partial_BackDate_NoChageINT" name="Create_BulkDepositMaturity" time="121.482"/>
  <system-out/>
  <testcase classname="com.Hexagon.pom.testcases.MoneyMarket_FullMaturity_MultiCurrency.MM_Partial_BackDate_NoChageINT" name="Approve_BulkDepositMaturity" time="64.819"/>
  <system-out/>
  <testcase classname="com.Hexagon.pom.testcases.MoneyMarket_FullMaturity_MultiCurrency.MM_Partial_BackDate_NoChageINT" name="Rebuildnav" time="60.215"/>
  <system-out/>
  <testcase classname="com.Hexagon.pom.testcases.MoneyMarket_FullMaturity_MultiCurrency.MM_Partial_BackDate_NoChageINT" name="Verify_AccountingEnquiry_Report" time="38.969"/>
  <system-out/>
  <testcase classname="com.Hexagon.pom.testcases.MoneyMarket_FullMaturity_MultiCurrency.MM_Partial_BackDate_NoChageINT" name="Verify_BankTransactionsReport" time="55.605"/>
  <system-out/>
  <testcase classname="com.Hexagon.pom.testcases.MoneyMarket_FullMaturity_MultiCurrency.MM_Partial_BackDate_NoChageINT" name="BulkMaturity_Reversal" time="52.182"/>
  <system-out/>
  <testcase classname="com.Hexagon.pom.testcases.MoneyMarket_FullMaturity_MultiCurrency.MM_Partial_BackDate_NoChageINT" name="Reversal_Approval" time="41.901"/>
  <system-out/>
  <testcase classname="com.Hexagon.pom.testcases.MoneyMarket_FullMaturity_MultiCurrency.MM_Partial_BackDate_NoChageINT" name="Verify_ReversalAccountingEnquiry_Report" time="54.130"/>
  <system-out/>
  <testcase classname="com.Hexagon.pom.testcases.MoneyMarket_FullMaturity_MultiCurrency.MM_Partial_BackDate_NoChageINT" name="Verify_ReversalBankTransactionsReport" time="56.038"/>
  <system-out/>
</testsuite> <!-- com.Hexagon.pom.testcases.MoneyMarket_FullMaturity_MultiCurrency.MM_Partial_BackDate_NoChageINT -->
