<?xml version="1.0" encoding="UTF-8"?>
<!-- Generated by org.testng.reporters.JUnitReportReporter -->
<testsuite hostname="vinoth" failures="0" tests="14" name="com.Hexagon.pom.testcases.MoneyMarket_FullMaturity_MultiCurrency.MM_Full_FutureDate_ChangeINT" time="1701.764" errors="0" timestamp="2023-12-04T17:50:41 IST" skipped="0">
  <testcase classname="com.Hexagon.pom.testcases.MoneyMarket_FullMaturity_MultiCurrency.MM_Full_FutureDate_ChangeINT" name="Create_DepositPlacement" time="211.564"/>
  <system-out/>
  <testcase classname="com.Hexagon.pom.testcases.MoneyMarket_FullMaturity_MultiCurrency.MM_Full_FutureDate_ChangeINT" name="Approve_DepositPlacement" time="55.262"/>
  <system-out/>
  <testcase classname="com.Hexagon.pom.testcases.MoneyMarket_FullMaturity_MultiCurrency.MM_Full_FutureDate_ChangeINT" name="Create_BulkDepositMaturity" time="75.957"/>
  <system-out/>
  <testcase classname="com.Hexagon.pom.testcases.MoneyMarket_FullMaturity_MultiCurrency.MM_Full_FutureDate_ChangeINT" name="Approve_BulkDepositMaturity" time="58.399"/>
  <system-out/>
  <testcase classname="com.Hexagon.pom.testcases.MoneyMarket_FullMaturity_MultiCurrency.MM_Full_FutureDate_ChangeINT" name="Intraday_Freeze" time="784.941"/>
  <system-out/>
  <testcase classname="com.Hexagon.pom.testcases.MoneyMarket_FullMaturity_MultiCurrency.MM_Full_FutureDate_ChangeINT" name="ManualNAVclosing" time="110.287"/>
  <system-out/>
  <testcase classname="com.Hexagon.pom.testcases.MoneyMarket_FullMaturity_MultiCurrency.MM_Full_FutureDate_ChangeINT" name="View_AccountingEnquiry_Report" time="46.952"/>
  <system-out/>
  <testcase classname="com.Hexagon.pom.testcases.MoneyMarket_FullMaturity_MultiCurrency.MM_Full_FutureDate_ChangeINT" name="Verify_BankTransactions_Report" time="54.908"/>
  <system-out/>
  <testcase classname="com.Hexagon.pom.testcases.MoneyMarket_FullMaturity_MultiCurrency.MM_Full_FutureDate_ChangeINT" name="Verify_AccountingEnquiry_Report" time="55.644"/>
  <system-out/>
  <testcase classname="com.Hexagon.pom.testcases.MoneyMarket_FullMaturity_MultiCurrency.MM_Full_FutureDate_ChangeINT" name="Verify_BankTransactionsReport" time="55.053"/>
  <system-out/>
  <testcase classname="com.Hexagon.pom.testcases.MoneyMarket_FullMaturity_MultiCurrency.MM_Full_FutureDate_ChangeINT" name="BulkMaturity_Reversal" time="51.292"/>
  <system-out/>
  <testcase classname="com.Hexagon.pom.testcases.MoneyMarket_FullMaturity_MultiCurrency.MM_Full_FutureDate_ChangeINT" name="Reversal_Approval" time="30.111"/>
  <system-out/>
  <testcase classname="com.Hexagon.pom.testcases.MoneyMarket_FullMaturity_MultiCurrency.MM_Full_FutureDate_ChangeINT" name="Verify_ReversalAccountingEnquiry_Report" time="56.339"/>
  <system-out/>
  <testcase classname="com.Hexagon.pom.testcases.MoneyMarket_FullMaturity_MultiCurrency.MM_Full_FutureDate_ChangeINT" name="Verify_ReversalBankTransactionsReport" time="55.055"/>
  <system-out/>
</testsuite> <!-- com.Hexagon.pom.testcases.MoneyMarket_FullMaturity_MultiCurrency.MM_Full_FutureDate_ChangeINT -->
