<?xml version="1.0" encoding="UTF-8"?>
<!-- Generated by org.testng.reporters.JUnitReportReporter -->
<testsuite hostname="vinoth" failures="0" tests="15" name="com.Hexagon.pom.testcases.MoneyMarket_EarlyMaturity_SingleCurrency.MM_Partial_CurrentDate_NoChangeINT" time="1494.535" errors="0" timestamp="2023-12-04T14:02:53 IST" skipped="0">
  <testcase classname="com.Hexagon.pom.testcases.MoneyMarket_EarlyMaturity_SingleCurrency.MM_Partial_CurrentDate_NoChangeINT" name="Create_DepositPlacement" time="236.857"/>
  <system-out/>
  <testcase classname="com.Hexagon.pom.testcases.MoneyMarket_EarlyMaturity_SingleCurrency.MM_Partial_CurrentDate_NoChangeINT" name="Approve_DepositPlacement" time="64.022"/>
  <system-out/>
  <testcase classname="com.Hexagon.pom.testcases.MoneyMarket_EarlyMaturity_SingleCurrency.MM_Partial_CurrentDate_NoChangeINT" name="ManualNAVclosing" time="74.663"/>
  <system-out/>
  <testcase classname="com.Hexagon.pom.testcases.MoneyMarket_EarlyMaturity_SingleCurrency.MM_Partial_CurrentDate_NoChangeINT" name="View_AccountingEnquiry_Report" time="85.148"/>
  <system-out/>
  <testcase classname="com.Hexagon.pom.testcases.MoneyMarket_EarlyMaturity_SingleCurrency.MM_Partial_CurrentDate_NoChangeINT" name="Verify_BankTransactions_Report" time="51.782"/>
  <system-out/>
  <testcase classname="com.Hexagon.pom.testcases.MoneyMarket_EarlyMaturity_SingleCurrency.MM_Partial_CurrentDate_NoChangeINT" name="Intraday_Freeze" time="469.838"/>
  <system-out/>
  <testcase classname="com.Hexagon.pom.testcases.MoneyMarket_EarlyMaturity_SingleCurrency.MM_Partial_CurrentDate_NoChangeINT" name="Create_BulkDepositMaturity" time="73.494"/>
  <system-out/>
  <testcase classname="com.Hexagon.pom.testcases.MoneyMarket_EarlyMaturity_SingleCurrency.MM_Partial_CurrentDate_NoChangeINT" name="Approve_BulkDepositMaturity" time="72.681"/>
  <system-out/>
  <testcase classname="com.Hexagon.pom.testcases.MoneyMarket_EarlyMaturity_SingleCurrency.MM_Partial_CurrentDate_NoChangeINT" name="ManualNAVClosing" time="89.594"/>
  <system-out/>
  <testcase classname="com.Hexagon.pom.testcases.MoneyMarket_EarlyMaturity_SingleCurrency.MM_Partial_CurrentDate_NoChangeINT" name="Verify_AccountingEnquiry_Report" time="35.822"/>
  <system-out/>
  <testcase classname="com.Hexagon.pom.testcases.MoneyMarket_EarlyMaturity_SingleCurrency.MM_Partial_CurrentDate_NoChangeINT" name="Verify_BankTransactionsReport" time="53.970"/>
  <system-out/>
  <testcase classname="com.Hexagon.pom.testcases.MoneyMarket_EarlyMaturity_SingleCurrency.MM_Partial_CurrentDate_NoChangeINT" name="BulkMaturity_Reversal" time="51.060"/>
  <system-out/>
  <testcase classname="com.Hexagon.pom.testcases.MoneyMarket_EarlyMaturity_SingleCurrency.MM_Partial_CurrentDate_NoChangeINT" name="Reversal_Approval" time="28.641"/>
  <system-out/>
  <testcase classname="com.Hexagon.pom.testcases.MoneyMarket_EarlyMaturity_SingleCurrency.MM_Partial_CurrentDate_NoChangeINT" name="Verify_ReversalAccountingEnquiry_Report" time="53.406"/>
  <system-out/>
  <testcase classname="com.Hexagon.pom.testcases.MoneyMarket_EarlyMaturity_SingleCurrency.MM_Partial_CurrentDate_NoChangeINT" name="Verify_ReversalBankTransactionsReport" time="53.557"/>
  <system-out/>
</testsuite> <!-- com.Hexagon.pom.testcases.MoneyMarket_EarlyMaturity_SingleCurrency.MM_Partial_CurrentDate_NoChangeINT -->
