<?xml version="1.0" encoding="UTF-8"?>
<!-- Generated by org.testng.reporters.JUnitReportReporter -->
<testsuite hostname="vinoth" failures="0" tests="37" name="com.Hexagon.pom.testcases.PortfolioSubred.Subred_CurrentDateTest" time="3370.079" errors="0" timestamp="2023-11-30T11:46:54 IST" skipped="0">
  <testcase classname="com.Hexagon.pom.testcases.PortfolioSubred.Subred_CurrentDateTest" name="Create_PortfolioSubredT1" time="227.990"/>
  <system-out/>
  <testcase classname="com.Hexagon.pom.testcases.PortfolioSubred.Subred_CurrentDateTest" name="Approve_PortfolioSubscriptionT1" time="111.545"/>
  <system-out/>
  <testcase classname="com.Hexagon.pom.testcases.PortfolioSubred.Subred_CurrentDateTest" name="Create_PortfolioSubredT2" time="86.852"/>
  <system-out/>
  <testcase classname="com.Hexagon.pom.testcases.PortfolioSubred.Subred_CurrentDateTest" name="Approve_PortfolioSubscriptionT2" time="60.958"/>
  <system-out/>
  <testcase classname="com.Hexagon.pom.testcases.PortfolioSubred.Subred_CurrentDateTest" name="Create_PortfolioSubredT0" time="84.958"/>
  <system-out/>
  <testcase classname="com.Hexagon.pom.testcases.PortfolioSubred.Subred_CurrentDateTest" name="Approve_PortfolioSubscriptionT0" time="59.897"/>
  <system-out/>
  <testcase classname="com.Hexagon.pom.testcases.PortfolioSubred.Subred_CurrentDateTest" name="Upload_Subred" time="120.169"/>
  <system-out/>
  <testcase classname="com.Hexagon.pom.testcases.PortfolioSubred.Subred_CurrentDateTest" name="Approve_Uploaded_PortfolioSubred" time="11.735"/>
  <system-out/>
  <testcase classname="com.Hexagon.pom.testcases.PortfolioSubred.Subred_CurrentDateTest" name="Verify_SubscriptionRedemption_Report" time="88.173"/>
  <system-out/>
  <testcase classname="com.Hexagon.pom.testcases.PortfolioSubred.Subred_CurrentDateTest" name="PortfolioSubred_Cancellation" time="102.425"/>
  <system-out/>
  <testcase classname="com.Hexagon.pom.testcases.PortfolioSubred.Subred_CurrentDateTest" name="Approve_Subred_Cancellation" time="55.614"/>
  <system-out/>
  <testcase classname="com.Hexagon.pom.testcases.PortfolioSubred.Subred_CurrentDateTest" name="ManualNAVClosing_Intraday" time="68.483"/>
  <system-out/>
  <testcase classname="com.Hexagon.pom.testcases.PortfolioSubred.Subred_CurrentDateTest" name="View_AccountingEnquiry_Report" time="57.107"/>
  <system-out/>
  <testcase classname="com.Hexagon.pom.testcases.PortfolioSubred.Subred_CurrentDateTest" name="ManualNAVclosing_Intraday_Freeze" time="336.878"/>
  <system-out/>
  <testcase classname="com.Hexagon.pom.testcases.PortfolioSubred.Subred_CurrentDateTest" name="Create_FullSettlement" time="58.614"/>
  <system-out/>
  <testcase classname="com.Hexagon.pom.testcases.PortfolioSubred.Subred_CurrentDateTest" name="Approve_FullSettlement" time="64.965"/>
  <system-out/>
  <testcase classname="com.Hexagon.pom.testcases.PortfolioSubred.Subred_CurrentDateTest" name="Create_PartialSettlement" time="84.935"/>
  <system-out/>
  <testcase classname="com.Hexagon.pom.testcases.PortfolioSubred.Subred_CurrentDateTest" name="Approve_PartialSettlement" time="48.970"/>
  <system-out/>
  <testcase classname="com.Hexagon.pom.testcases.PortfolioSubred.Subred_CurrentDateTest" name="Verify_BankTransactions_Report" time="99.601"/>
  <system-out/>
  <testcase classname="com.Hexagon.pom.testcases.PortfolioSubred.Subred_CurrentDateTest" name="FullSettlement_Reversal" time="88.981"/>
  <system-out/>
  <testcase classname="com.Hexagon.pom.testcases.PortfolioSubred.Subred_CurrentDateTest" name="Approve_FullSettlement_Reversal" time="43.911"/>
  <system-out/>
  <testcase classname="com.Hexagon.pom.testcases.PortfolioSubred.Subred_CurrentDateTest" name="PartialSettlement_Reversal" time="59.008"/>
  <system-out/>
  <testcase classname="com.Hexagon.pom.testcases.PortfolioSubred.Subred_CurrentDateTest" name="Approve_PartialSettlement_Reversal" time="48.261"/>
  <system-out/>
  <testcase classname="com.Hexagon.pom.testcases.PortfolioSubred.Subred_CurrentDateTest" name="Verify_BankTransactions_report" time="118.566"/>
  <system-out/>
  <testcase classname="com.Hexagon.pom.testcases.PortfolioSubred.Subred_CurrentDateTest" name="Create_Full_Settlement" time="68.763"/>
  <system-out/>
  <testcase classname="com.Hexagon.pom.testcases.PortfolioSubred.Subred_CurrentDateTest" name="Approve_Full_Settlement" time="48.179"/>
  <system-out/>
  <testcase classname="com.Hexagon.pom.testcases.PortfolioSubred.Subred_CurrentDateTest" name="PortfolioSubred_cancellation" time="68.564"/>
  <system-out/>
  <testcase classname="com.Hexagon.pom.testcases.PortfolioSubred.Subred_CurrentDateTest" name="ManualNAVClosing_Intraday_Freeze" time="332.880"/>
  <system-out/>
  <testcase classname="com.Hexagon.pom.testcases.PortfolioSubred.Subred_CurrentDateTest" name="Create_FullSettlementT2" time="56.873"/>
  <system-out/>
  <testcase classname="com.Hexagon.pom.testcases.PortfolioSubred.Subred_CurrentDateTest" name="Approve_FullSettlementT2" time="143.968"/>
  <system-out/>
  <testcase classname="com.Hexagon.pom.testcases.PortfolioSubred.Subred_CurrentDateTest" name="FullSettlement_ReversalT2" time="53.645"/>
  <system-out/>
  <testcase classname="com.Hexagon.pom.testcases.PortfolioSubred.Subred_CurrentDateTest" name="Approve_FullSettlement_ReversalT2" time="44.265"/>
  <system-out/>
  <testcase classname="com.Hexagon.pom.testcases.PortfolioSubred.Subred_CurrentDateTest" name="PortfolioSubred_CancellationT2" time="66.472"/>
  <system-out/>
  <testcase classname="com.Hexagon.pom.testcases.PortfolioSubred.Subred_CurrentDateTest" name="Approve_Subred_CancellationT2" time="44.566"/>
  <system-out/>
  <testcase classname="com.Hexagon.pom.testcases.PortfolioSubred.Subred_CurrentDateTest" name="Rebuild_NAV" time="71.570"/>
  <system-out/>
  <testcase classname="com.Hexagon.pom.testcases.PortfolioSubred.Subred_CurrentDateTest" name="ManualNAVclosing_Intraday" time="105.820"/>
  <system-out/>
  <testcase classname="com.Hexagon.pom.testcases.PortfolioSubred.Subred_CurrentDateTest" name="Verify_NAVSummary_Report" time="75.918"/>
  <system-out/>
</testsuite> <!-- com.Hexagon.pom.testcases.PortfolioSubred.Subred_CurrentDateTest -->
