<?xml version="1.0" encoding="UTF-8"?>
<!-- Generated by org.testng.reporters.JUnitReportReporter -->
<testsuite hostname="vinoth" failures="0" tests="15" name="com.Hexagon.pom.testcases.MoneyMarket_EarlyMaturity_MultiCurrency.MM_Full_CurrentDate_ChangeINT" time="1902.963" errors="0" timestamp="2023-07-14T14:19:44 IST" skipped="0">
  <testcase classname="com.Hexagon.pom.testcases.MoneyMarket_EarlyMaturity_MultiCurrency.MM_Full_CurrentDate_ChangeINT" name="Create_DepositPlacement" time="149.915"/>
  <system-out/>
  <testcase classname="com.Hexagon.pom.testcases.MoneyMarket_EarlyMaturity_MultiCurrency.MM_Full_CurrentDate_ChangeINT" name="Approve_DepositPlacement" time="84.641"/>
  <system-out/>
  <testcase classname="com.Hexagon.pom.testcases.MoneyMarket_EarlyMaturity_MultiCurrency.MM_Full_CurrentDate_ChangeINT" name="ManualNAVclosing" time="84.915"/>
  <system-out/>
  <testcase classname="com.Hexagon.pom.testcases.MoneyMarket_EarlyMaturity_MultiCurrency.MM_Full_CurrentDate_ChangeINT" name="View_AccountingEnquiry_Report" time="54.724"/>
  <system-out/>
  <testcase classname="com.Hexagon.pom.testcases.MoneyMarket_EarlyMaturity_MultiCurrency.MM_Full_CurrentDate_ChangeINT" name="Verify_BankTransactions_Report" time="94.715"/>
  <system-out/>
  <testcase classname="com.Hexagon.pom.testcases.MoneyMarket_EarlyMaturity_MultiCurrency.MM_Full_CurrentDate_ChangeINT" name="Intraday_Freeze" time="694.893"/>
  <system-out/>
  <testcase classname="com.Hexagon.pom.testcases.MoneyMarket_EarlyMaturity_MultiCurrency.MM_Full_CurrentDate_ChangeINT" name="Create_BulkDepositMaturity" time="66.202"/>
  <system-out/>
  <testcase classname="com.Hexagon.pom.testcases.MoneyMarket_EarlyMaturity_MultiCurrency.MM_Full_CurrentDate_ChangeINT" name="Approve_BulkDepositMaturity" time="81.244"/>
  <system-out/>
  <testcase classname="com.Hexagon.pom.testcases.MoneyMarket_EarlyMaturity_MultiCurrency.MM_Full_CurrentDate_ChangeINT" name="ManualNAVClosing" time="107.819"/>
  <system-out/>
  <testcase classname="com.Hexagon.pom.testcases.MoneyMarket_EarlyMaturity_MultiCurrency.MM_Full_CurrentDate_ChangeINT" name="Verify_AccountingEnquiry_Report" time="98.826"/>
  <system-out/>
  <testcase classname="com.Hexagon.pom.testcases.MoneyMarket_EarlyMaturity_MultiCurrency.MM_Full_CurrentDate_ChangeINT" name="Verify_BankTransactionsReport" time="96.371"/>
  <system-out/>
  <testcase classname="com.Hexagon.pom.testcases.MoneyMarket_EarlyMaturity_MultiCurrency.MM_Full_CurrentDate_ChangeINT" name="BulkMaturity_Reversal" time="69.573"/>
  <system-out/>
  <testcase classname="com.Hexagon.pom.testcases.MoneyMarket_EarlyMaturity_MultiCurrency.MM_Full_CurrentDate_ChangeINT" name="Reversal_Approval" time="36.148"/>
  <system-out/>
  <testcase classname="com.Hexagon.pom.testcases.MoneyMarket_EarlyMaturity_MultiCurrency.MM_Full_CurrentDate_ChangeINT" name="Verify_ReversalAccountingEnquiry_Report" time="73.163"/>
  <system-out/>
  <testcase classname="com.Hexagon.pom.testcases.MoneyMarket_EarlyMaturity_MultiCurrency.MM_Full_CurrentDate_ChangeINT" name="Verify_ReversalBankTransactionsReport" time="109.814"/>
  <system-out/>
</testsuite> <!-- com.Hexagon.pom.testcases.MoneyMarket_EarlyMaturity_MultiCurrency.MM_Full_CurrentDate_ChangeINT -->
