<?xml version="1.0" encoding="UTF-8"?>
<!-- Generated by org.testng.reporters.JUnitReportReporter -->
<testsuite hostname="vinoth" failures="0" tests="15" name="com.Hexagon.pom.testcases.MoneyMarket_EarlyMaturity_MultiCurrency.MM_Partial_CurrentDate_NoChangeINT" time="2366.580" errors="0" timestamp="2023-07-14T15:12:33 IST" skipped="0">
  <testcase classname="com.Hexagon.pom.testcases.MoneyMarket_EarlyMaturity_MultiCurrency.MM_Partial_CurrentDate_NoChangeINT" name="Create_DepositPlacement" time="287.403"/>
  <system-out/>
  <testcase classname="com.Hexagon.pom.testcases.MoneyMarket_EarlyMaturity_MultiCurrency.MM_Partial_CurrentDate_NoChangeINT" name="Approve_DepositPlacement" time="93.757"/>
  <system-out/>
  <testcase classname="com.Hexagon.pom.testcases.MoneyMarket_EarlyMaturity_MultiCurrency.MM_Partial_CurrentDate_NoChangeINT" name="ManualNAVclosing" time="87.341"/>
  <system-out/>
  <testcase classname="com.Hexagon.pom.testcases.MoneyMarket_EarlyMaturity_MultiCurrency.MM_Partial_CurrentDate_NoChangeINT" name="View_AccountingEnquiry_Report" time="61.857"/>
  <system-out/>
  <testcase classname="com.Hexagon.pom.testcases.MoneyMarket_EarlyMaturity_MultiCurrency.MM_Partial_CurrentDate_NoChangeINT" name="Verify_BankTransactions_Report" time="98.135"/>
  <system-out/>
  <testcase classname="com.Hexagon.pom.testcases.MoneyMarket_EarlyMaturity_MultiCurrency.MM_Partial_CurrentDate_NoChangeINT" name="Intraday_Freeze" time="693.295"/>
  <system-out/>
  <testcase classname="com.Hexagon.pom.testcases.MoneyMarket_EarlyMaturity_MultiCurrency.MM_Partial_CurrentDate_NoChangeINT" name="Create_BulkDepositMaturity" time="89.111"/>
  <system-out/>
  <testcase classname="com.Hexagon.pom.testcases.MoneyMarket_EarlyMaturity_MultiCurrency.MM_Partial_CurrentDate_NoChangeINT" name="Approve_BulkDepositMaturity" time="100.453"/>
  <system-out/>
  <testcase classname="com.Hexagon.pom.testcases.MoneyMarket_EarlyMaturity_MultiCurrency.MM_Partial_CurrentDate_NoChangeINT" name="ManualNAVClosing" time="109.087"/>
  <system-out/>
  <testcase classname="com.Hexagon.pom.testcases.MoneyMarket_EarlyMaturity_MultiCurrency.MM_Partial_CurrentDate_NoChangeINT" name="Verify_AccountingEnquiry_Report" time="206.563"/>
  <system-out/>
  <testcase classname="com.Hexagon.pom.testcases.MoneyMarket_EarlyMaturity_MultiCurrency.MM_Partial_CurrentDate_NoChangeINT" name="Verify_BankTransactionsReport" time="176.324"/>
  <system-out/>
  <testcase classname="com.Hexagon.pom.testcases.MoneyMarket_EarlyMaturity_MultiCurrency.MM_Partial_CurrentDate_NoChangeINT" name="BulkMaturity_Reversal" time="68.188"/>
  <system-out/>
  <testcase classname="com.Hexagon.pom.testcases.MoneyMarket_EarlyMaturity_MultiCurrency.MM_Partial_CurrentDate_NoChangeINT" name="Reversal_Approval" time="41.835"/>
  <system-out/>
  <testcase classname="com.Hexagon.pom.testcases.MoneyMarket_EarlyMaturity_MultiCurrency.MM_Partial_CurrentDate_NoChangeINT" name="Verify_ReversalAccountingEnquiry_Report" time="85.058"/>
  <system-out/>
  <testcase classname="com.Hexagon.pom.testcases.MoneyMarket_EarlyMaturity_MultiCurrency.MM_Partial_CurrentDate_NoChangeINT" name="Verify_ReversalBankTransactionsReport" time="168.173"/>
  <system-out/>
</testsuite> <!-- com.Hexagon.pom.testcases.MoneyMarket_EarlyMaturity_MultiCurrency.MM_Partial_CurrentDate_NoChangeINT -->
