<?xml version="1.0" encoding="UTF-8"?>
<!-- Generated by org.testng.reporters.JUnitReportReporter -->
<testsuite hostname="vinoth" failures="0" tests="14" name="com.Hexagon.pom.testcases.MoneyMarket_EarlyMaturity_MultiCurrency.MM_Partial_FutureDate_NoChangeINT" time="2190.042" errors="0" timestamp="2023-07-14T16:37:25 IST" skipped="0">
  <testcase classname="com.Hexagon.pom.testcases.MoneyMarket_EarlyMaturity_MultiCurrency.MM_Partial_FutureDate_NoChangeINT" name="Create_DepositPlacement" time="333.669"/>
  <system-out/>
  <testcase classname="com.Hexagon.pom.testcases.MoneyMarket_EarlyMaturity_MultiCurrency.MM_Partial_FutureDate_NoChangeINT" name="Approve_DepositPlacement" time="88.065"/>
  <system-out/>
  <testcase classname="com.Hexagon.pom.testcases.MoneyMarket_EarlyMaturity_MultiCurrency.MM_Partial_FutureDate_NoChangeINT" name="Create_BulkDepositMaturity" time="108.139"/>
  <system-out/>
  <testcase classname="com.Hexagon.pom.testcases.MoneyMarket_EarlyMaturity_MultiCurrency.MM_Partial_FutureDate_NoChangeINT" name="Approve_BulkDepositMaturity" time="75.373"/>
  <system-out/>
  <testcase classname="com.Hexagon.pom.testcases.MoneyMarket_EarlyMaturity_MultiCurrency.MM_Partial_FutureDate_NoChangeINT" name="Intraday_Freeze" time="664.324"/>
  <system-out/>
  <testcase classname="com.Hexagon.pom.testcases.MoneyMarket_EarlyMaturity_MultiCurrency.MM_Partial_FutureDate_NoChangeINT" name="ManualNAVclosing" time="115.111"/>
  <system-out/>
  <testcase classname="com.Hexagon.pom.testcases.MoneyMarket_EarlyMaturity_MultiCurrency.MM_Partial_FutureDate_NoChangeINT" name="View_AccountingEnquiry_Report" time="80.285"/>
  <system-out/>
  <testcase classname="com.Hexagon.pom.testcases.MoneyMarket_EarlyMaturity_MultiCurrency.MM_Partial_FutureDate_NoChangeINT" name="Verify_BankTransactions_Report" time="97.720"/>
  <system-out/>
  <testcase classname="com.Hexagon.pom.testcases.MoneyMarket_EarlyMaturity_MultiCurrency.MM_Partial_FutureDate_NoChangeINT" name="Verify_AccountingEnquiry_Report" time="64.086"/>
  <system-out/>
  <testcase classname="com.Hexagon.pom.testcases.MoneyMarket_EarlyMaturity_MultiCurrency.MM_Partial_FutureDate_NoChangeINT" name="Verify_BankTransactionsReport" time="185.619"/>
  <system-out/>
  <testcase classname="com.Hexagon.pom.testcases.MoneyMarket_EarlyMaturity_MultiCurrency.MM_Partial_FutureDate_NoChangeINT" name="BulkMaturity_Reversal" time="60.702"/>
  <system-out/>
  <testcase classname="com.Hexagon.pom.testcases.MoneyMarket_EarlyMaturity_MultiCurrency.MM_Partial_FutureDate_NoChangeINT" name="Reversal_Approval" time="35.770"/>
  <system-out/>
  <testcase classname="com.Hexagon.pom.testcases.MoneyMarket_EarlyMaturity_MultiCurrency.MM_Partial_FutureDate_NoChangeINT" name="Verify_ReversalAccountingEnquiry_Report" time="110.670"/>
  <system-out/>
  <testcase classname="com.Hexagon.pom.testcases.MoneyMarket_EarlyMaturity_MultiCurrency.MM_Partial_FutureDate_NoChangeINT" name="Verify_ReversalBankTransactionsReport" time="170.509"/>
  <system-out/>
</testsuite> <!-- com.Hexagon.pom.testcases.MoneyMarket_EarlyMaturity_MultiCurrency.MM_Partial_FutureDate_NoChangeINT -->
