<?xml version="1.0" encoding="UTF-8"?>
<!-- Generated by org.testng.reporters.JUnitReportReporter -->
<testsuite hostname="vinoth" failures="0" tests="15" name="com.Hexagon.pom.testcases.MoneyMarket_EarlyMaturity_SingleCurrency.MM_Full_BackDate_ChangeINT" time="1084.129" errors="0" timestamp="2023-12-01T18:18:06 IST" skipped="0">
  <testcase classname="com.Hexagon.pom.testcases.MoneyMarket_EarlyMaturity_SingleCurrency.MM_Full_BackDate_ChangeINT" name="Create_DepositPlacement" time="247.544"/>
  <system-out/>
  <testcase classname="com.Hexagon.pom.testcases.MoneyMarket_EarlyMaturity_SingleCurrency.MM_Full_BackDate_ChangeINT" name="Approve_DepositPlacement" time="60.882"/>
  <system-out/>
  <testcase classname="com.Hexagon.pom.testcases.MoneyMarket_EarlyMaturity_SingleCurrency.MM_Full_BackDate_ChangeINT" name="Rebuild_NAV" time="53.085"/>
  <system-out/>
  <testcase classname="com.Hexagon.pom.testcases.MoneyMarket_EarlyMaturity_SingleCurrency.MM_Full_BackDate_ChangeINT" name="View_AccountingEnquiry_Report" time="44.250"/>
  <system-out/>
  <testcase classname="com.Hexagon.pom.testcases.MoneyMarket_EarlyMaturity_SingleCurrency.MM_Full_BackDate_ChangeINT" name="Verify_BankTransactions_Report" time="69.855"/>
  <system-out/>
  <testcase classname="com.Hexagon.pom.testcases.MoneyMarket_EarlyMaturity_SingleCurrency.MM_Full_BackDate_ChangeINT" name="RebuildNAV" time="42.022"/>
  <system-out/>
  <testcase classname="com.Hexagon.pom.testcases.MoneyMarket_EarlyMaturity_SingleCurrency.MM_Full_BackDate_ChangeINT" name="Create_BulkDepositMaturity" time="63.513"/>
  <system-out/>
  <testcase classname="com.Hexagon.pom.testcases.MoneyMarket_EarlyMaturity_SingleCurrency.MM_Full_BackDate_ChangeINT" name="Approve_BulkDepositMaturity" time="71.069"/>
  <system-out/>
  <testcase classname="com.Hexagon.pom.testcases.MoneyMarket_EarlyMaturity_SingleCurrency.MM_Full_BackDate_ChangeINT" name="Rebuildnav" time="86.426"/>
  <system-out/>
  <testcase classname="com.Hexagon.pom.testcases.MoneyMarket_EarlyMaturity_SingleCurrency.MM_Full_BackDate_ChangeINT" name="Verify_AccountingEnquiry_Report" time="63.012"/>
  <system-out/>
  <testcase classname="com.Hexagon.pom.testcases.MoneyMarket_EarlyMaturity_SingleCurrency.MM_Full_BackDate_ChangeINT" name="Verify_BankTransactionsReport" time="69.940"/>
  <system-out/>
  <testcase classname="com.Hexagon.pom.testcases.MoneyMarket_EarlyMaturity_SingleCurrency.MM_Full_BackDate_ChangeINT" name="BulkMaturity_Reversal" time="52.492"/>
  <system-out/>
  <testcase classname="com.Hexagon.pom.testcases.MoneyMarket_EarlyMaturity_SingleCurrency.MM_Full_BackDate_ChangeINT" name="Reversal_Approval" time="38.469"/>
  <system-out/>
  <testcase classname="com.Hexagon.pom.testcases.MoneyMarket_EarlyMaturity_SingleCurrency.MM_Full_BackDate_ChangeINT" name="Verify_ReversalAccountingEnquiry_Report" time="58.212"/>
  <system-out/>
  <testcase classname="com.Hexagon.pom.testcases.MoneyMarket_EarlyMaturity_SingleCurrency.MM_Full_BackDate_ChangeINT" name="Verify_ReversalBankTransactionsReport" time="63.358"/>
  <system-out/>
</testsuite> <!-- com.Hexagon.pom.testcases.MoneyMarket_EarlyMaturity_SingleCurrency.MM_Full_BackDate_ChangeINT -->
