<?xml version="1.0" encoding="UTF-8"?>
<!-- Generated by org.testng.reporters.JUnitReportReporter -->
<testsuite hostname="vinoth" failures="0" tests="15" name="com.Hexagon.pom.testcases.MoneyMarket_EarlyMaturity_SingleCurrency.MM_Full_BackDate_NoChangeINT" time="1038.458" errors="0" timestamp="2023-12-01T18:41:45 IST" skipped="0">
  <testcase classname="com.Hexagon.pom.testcases.MoneyMarket_EarlyMaturity_SingleCurrency.MM_Full_BackDate_NoChangeINT" name="Create_DepositPlacement" time="240.680"/>
  <system-out/>
  <testcase classname="com.Hexagon.pom.testcases.MoneyMarket_EarlyMaturity_SingleCurrency.MM_Full_BackDate_NoChangeINT" name="Approve_DepositPlacement" time="71.752"/>
  <system-out/>
  <testcase classname="com.Hexagon.pom.testcases.MoneyMarket_EarlyMaturity_SingleCurrency.MM_Full_BackDate_NoChangeINT" name="Rebuild_NAV" time="60.727"/>
  <system-out/>
  <testcase classname="com.Hexagon.pom.testcases.MoneyMarket_EarlyMaturity_SingleCurrency.MM_Full_BackDate_NoChangeINT" name="View_AccountingEnquiry_Report" time="44.001"/>
  <system-out/>
  <testcase classname="com.Hexagon.pom.testcases.MoneyMarket_EarlyMaturity_SingleCurrency.MM_Full_BackDate_NoChangeINT" name="Verify_BankTransactions_Report" time="52.477"/>
  <system-out/>
  <testcase classname="com.Hexagon.pom.testcases.MoneyMarket_EarlyMaturity_SingleCurrency.MM_Full_BackDate_NoChangeINT" name="RebuildNAV" time="41.832"/>
  <system-out/>
  <testcase classname="com.Hexagon.pom.testcases.MoneyMarket_EarlyMaturity_SingleCurrency.MM_Full_BackDate_NoChangeINT" name="Create_BulkDepositMaturity" time="57.970"/>
  <system-out/>
  <testcase classname="com.Hexagon.pom.testcases.MoneyMarket_EarlyMaturity_SingleCurrency.MM_Full_BackDate_NoChangeINT" name="Approve_BulkDepositMaturity" time="64.295"/>
  <system-out/>
  <testcase classname="com.Hexagon.pom.testcases.MoneyMarket_EarlyMaturity_SingleCurrency.MM_Full_BackDate_NoChangeINT" name="Rebuildnav" time="93.299"/>
  <system-out/>
  <testcase classname="com.Hexagon.pom.testcases.MoneyMarket_EarlyMaturity_SingleCurrency.MM_Full_BackDate_NoChangeINT" name="Verify_AccountingEnquiry_Report" time="62.939"/>
  <system-out/>
  <testcase classname="com.Hexagon.pom.testcases.MoneyMarket_EarlyMaturity_SingleCurrency.MM_Full_BackDate_NoChangeINT" name="Verify_BankTransactionsReport" time="52.480"/>
  <system-out/>
  <testcase classname="com.Hexagon.pom.testcases.MoneyMarket_EarlyMaturity_SingleCurrency.MM_Full_BackDate_NoChangeINT" name="BulkMaturity_Reversal" time="52.260"/>
  <system-out/>
  <testcase classname="com.Hexagon.pom.testcases.MoneyMarket_EarlyMaturity_SingleCurrency.MM_Full_BackDate_NoChangeINT" name="Reversal_Approval" time="36.634"/>
  <system-out/>
  <testcase classname="com.Hexagon.pom.testcases.MoneyMarket_EarlyMaturity_SingleCurrency.MM_Full_BackDate_NoChangeINT" name="Verify_ReversalAccountingEnquiry_Report" time="54.346"/>
  <system-out/>
  <testcase classname="com.Hexagon.pom.testcases.MoneyMarket_EarlyMaturity_SingleCurrency.MM_Full_BackDate_NoChangeINT" name="Verify_ReversalBankTransactionsReport" time="52.766"/>
  <system-out/>
</testsuite> <!-- com.Hexagon.pom.testcases.MoneyMarket_EarlyMaturity_SingleCurrency.MM_Full_BackDate_NoChangeINT -->
