<?xml version="1.0" encoding="UTF-8"?>
<!-- Generated by org.testng.reporters.JUnitReportReporter -->
<testsuite hostname="vinoth" failures="0" tests="14" name="com.Hexagon.pom.testcases.MoneyMarket_EarlyMaturity_SingleCurrency.MM_Partial_BackDate_CHANGE_INT" time="945.879" errors="0" timestamp="2023-12-04T13:35:31 IST" skipped="0">
  <testcase classname="com.Hexagon.pom.testcases.MoneyMarket_EarlyMaturity_SingleCurrency.MM_Partial_BackDate_CHANGE_INT" name="Create_DepositPlacement" time="242.865"/>
  <system-out/>
  <testcase classname="com.Hexagon.pom.testcases.MoneyMarket_EarlyMaturity_SingleCurrency.MM_Partial_BackDate_CHANGE_INT" name="Approve_DepositPlacement" time="55.125"/>
  <system-out/>
  <testcase classname="com.Hexagon.pom.testcases.MoneyMarket_EarlyMaturity_SingleCurrency.MM_Partial_BackDate_CHANGE_INT" name="Rebuild_NAV" time="61.762"/>
  <system-out/>
  <testcase classname="com.Hexagon.pom.testcases.MoneyMarket_EarlyMaturity_SingleCurrency.MM_Partial_BackDate_CHANGE_INT" name="View_AccountingEnquiry_Report" time="47.207"/>
  <system-out/>
  <testcase classname="com.Hexagon.pom.testcases.MoneyMarket_EarlyMaturity_SingleCurrency.MM_Partial_BackDate_CHANGE_INT" name="Verify_BankTransactions_Report" time="51.946"/>
  <system-out/>
  <testcase classname="com.Hexagon.pom.testcases.MoneyMarket_EarlyMaturity_SingleCurrency.MM_Partial_BackDate_CHANGE_INT" name="Create_BulkDepositMaturity" time="79.085"/>
  <system-out/>
  <testcase classname="com.Hexagon.pom.testcases.MoneyMarket_EarlyMaturity_SingleCurrency.MM_Partial_BackDate_CHANGE_INT" name="Approve_BulkDepositMaturity" time="56.741"/>
  <system-out/>
  <testcase classname="com.Hexagon.pom.testcases.MoneyMarket_EarlyMaturity_SingleCurrency.MM_Partial_BackDate_CHANGE_INT" name="Rebuildnav" time="50.529"/>
  <system-out/>
  <testcase classname="com.Hexagon.pom.testcases.MoneyMarket_EarlyMaturity_SingleCurrency.MM_Partial_BackDate_CHANGE_INT" name="Verify_AccountingEnquiry_Report" time="52.902"/>
  <system-out/>
  <testcase classname="com.Hexagon.pom.testcases.MoneyMarket_EarlyMaturity_SingleCurrency.MM_Partial_BackDate_CHANGE_INT" name="Verify_BankTransactionsReport" time="51.891"/>
  <system-out/>
  <testcase classname="com.Hexagon.pom.testcases.MoneyMarket_EarlyMaturity_SingleCurrency.MM_Partial_BackDate_CHANGE_INT" name="BulkMaturity_Reversal" time="52.195"/>
  <system-out/>
  <testcase classname="com.Hexagon.pom.testcases.MoneyMarket_EarlyMaturity_SingleCurrency.MM_Partial_BackDate_CHANGE_INT" name="Reversal_Approval" time="34.717"/>
  <system-out/>
  <testcase classname="com.Hexagon.pom.testcases.MoneyMarket_EarlyMaturity_SingleCurrency.MM_Partial_BackDate_CHANGE_INT" name="Verify_ReversalAccountingEnquiry_Report" time="56.850"/>
  <system-out/>
  <testcase classname="com.Hexagon.pom.testcases.MoneyMarket_EarlyMaturity_SingleCurrency.MM_Partial_BackDate_CHANGE_INT" name="Verify_ReversalBankTransactionsReport" time="52.064"/>
  <system-out/>
</testsuite> <!-- com.Hexagon.pom.testcases.MoneyMarket_EarlyMaturity_SingleCurrency.MM_Partial_BackDate_CHANGE_INT -->
