<?xml version="1.0" encoding="UTF-8"?>
<!-- Generated by org.testng.reporters.JUnitReportReporter -->
<testsuite hostname="vinoth" failures="0" tests="39" name="com.Hexagon.pom.testcases.PortfolioSubred.Subred_FutureDateTest" time="3446.128" errors="0" timestamp="2023-12-01T10:05:20 IST" skipped="0">
  <testcase classname="com.Hexagon.pom.testcases.PortfolioSubred.Subred_FutureDateTest" name="Create_PortfolioSubredT1" time="84.163"/>
  <system-out/>
  <testcase classname="com.Hexagon.pom.testcases.PortfolioSubred.Subred_FutureDateTest" name="Approve_PortfolioSubscriptionT1" time="57.584"/>
  <system-out/>
  <testcase classname="com.Hexagon.pom.testcases.PortfolioSubred.Subred_FutureDateTest" name="Create_PortfolioSubredT2" time="71.281"/>
  <system-out/>
  <testcase classname="com.Hexagon.pom.testcases.PortfolioSubred.Subred_FutureDateTest" name="Approve_PortfolioSubscriptionT2" time="61.855"/>
  <system-out/>
  <testcase classname="com.Hexagon.pom.testcases.PortfolioSubred.Subred_FutureDateTest" name="Create_PortfolioSubredT0" time="83.907"/>
  <system-out/>
  <testcase classname="com.Hexagon.pom.testcases.PortfolioSubred.Subred_FutureDateTest" name="Approve_PortfolioSubscriptionT0" time="57.059"/>
  <system-out/>
  <testcase classname="com.Hexagon.pom.testcases.PortfolioSubred.Subred_FutureDateTest" name="Upload_Subred" time="108.373"/>
  <system-out/>
  <testcase classname="com.Hexagon.pom.testcases.PortfolioSubred.Subred_FutureDateTest" name="Approve_Uploaded_PortfolioSubred" time="10.604"/>
  <system-out/>
  <testcase classname="com.Hexagon.pom.testcases.PortfolioSubred.Subred_FutureDateTest" name="Verify_SubscriptionRedemption_Report" time="76.751"/>
  <system-out/>
  <testcase classname="com.Hexagon.pom.testcases.PortfolioSubred.Subred_FutureDateTest" name="ManualNAVclosing_Intraday_freeze" time="448.113"/>
  <system-out/>
  <testcase classname="com.Hexagon.pom.testcases.PortfolioSubred.Subred_FutureDateTest" name="PortfolioSubred_Cancellation" time="101.089"/>
  <system-out/>
  <testcase classname="com.Hexagon.pom.testcases.PortfolioSubred.Subred_FutureDateTest" name="Approve_Subred_Cancellation" time="39.968"/>
  <system-out/>
  <testcase classname="com.Hexagon.pom.testcases.PortfolioSubred.Subred_FutureDateTest" name="ManualNAVclosing_intraday_Freeze" time="172.310"/>
  <system-out/>
  <testcase classname="com.Hexagon.pom.testcases.PortfolioSubred.Subred_FutureDateTest" name="ManualNAVClosing_Intraday" time="100.588"/>
  <system-out/>
  <testcase classname="com.Hexagon.pom.testcases.PortfolioSubred.Subred_FutureDateTest" name="View_AccountingEnquiry_Report" time="54.734"/>
  <system-out/>
  <testcase classname="com.Hexagon.pom.testcases.PortfolioSubred.Subred_FutureDateTest" name="ManualNAVclosing_Intraday_Freeze" time="289.730"/>
  <system-out/>
  <testcase classname="com.Hexagon.pom.testcases.PortfolioSubred.Subred_FutureDateTest" name="Create_FullSettlement" time="54.527"/>
  <system-out/>
  <testcase classname="com.Hexagon.pom.testcases.PortfolioSubred.Subred_FutureDateTest" name="Approve_FullSettlement" time="35.348"/>
  <system-out/>
  <testcase classname="com.Hexagon.pom.testcases.PortfolioSubred.Subred_FutureDateTest" name="Create_PartialSettlement" time="73.236"/>
  <system-out/>
  <testcase classname="com.Hexagon.pom.testcases.PortfolioSubred.Subred_FutureDateTest" name="Approve_PartialSettlement" time="44.271"/>
  <system-out/>
  <testcase classname="com.Hexagon.pom.testcases.PortfolioSubred.Subred_FutureDateTest" name="Verify_BankTransactions_Report" time="95.322"/>
  <system-out/>
  <testcase classname="com.Hexagon.pom.testcases.PortfolioSubred.Subred_FutureDateTest" name="FullSettlement_Reversal" time="88.164"/>
  <system-out/>
  <testcase classname="com.Hexagon.pom.testcases.PortfolioSubred.Subred_FutureDateTest" name="Approve_FullSettlement_Reversal" time="44.569"/>
  <system-out/>
  <testcase classname="com.Hexagon.pom.testcases.PortfolioSubred.Subred_FutureDateTest" name="PartialSettlement_Reversal" time="53.725"/>
  <system-out/>
  <testcase classname="com.Hexagon.pom.testcases.PortfolioSubred.Subred_FutureDateTest" name="Approve_PartialSettlement_Reversal" time="44.391"/>
  <system-out/>
  <testcase classname="com.Hexagon.pom.testcases.PortfolioSubred.Subred_FutureDateTest" name="Verify_BankTransactions_report" time="93.684"/>
  <system-out/>
  <testcase classname="com.Hexagon.pom.testcases.PortfolioSubred.Subred_FutureDateTest" name="Create_Full_Settlement" time="66.182"/>
  <system-out/>
  <testcase classname="com.Hexagon.pom.testcases.PortfolioSubred.Subred_FutureDateTest" name="Approve_Full_Settlement" time="46.315"/>
  <system-out/>
  <testcase classname="com.Hexagon.pom.testcases.PortfolioSubred.Subred_FutureDateTest" name="PortfolioSubred_cancellation" time="53.882"/>
  <system-out/>
  <testcase classname="com.Hexagon.pom.testcases.PortfolioSubred.Subred_FutureDateTest" name="ManualNAVClosing_Intraday_Freeze" time="263.833"/>
  <system-out/>
  <testcase classname="com.Hexagon.pom.testcases.PortfolioSubred.Subred_FutureDateTest" name="Create_FullSettlementT2" time="54.332"/>
  <system-out/>
  <testcase classname="com.Hexagon.pom.testcases.PortfolioSubred.Subred_FutureDateTest" name="Approve_FullSettlementT2" time="41.899"/>
  <system-out/>
  <testcase classname="com.Hexagon.pom.testcases.PortfolioSubred.Subred_FutureDateTest" name="FullSettlement_ReversalT2" time="53.351"/>
  <system-out/>
  <testcase classname="com.Hexagon.pom.testcases.PortfolioSubred.Subred_FutureDateTest" name="Approve_FullSettlement_ReversalT2" time="39.678"/>
  <system-out/>
  <testcase classname="com.Hexagon.pom.testcases.PortfolioSubred.Subred_FutureDateTest" name="PortfolioSubred_CancellationT2" time="68.005"/>
  <system-out/>
  <testcase classname="com.Hexagon.pom.testcases.PortfolioSubred.Subred_FutureDateTest" name="Approve_Subred_CancellationT2" time="50.267"/>
  <system-out/>
  <testcase classname="com.Hexagon.pom.testcases.PortfolioSubred.Subred_FutureDateTest" name="Rebuild_NAV" time="79.970"/>
  <system-out/>
  <testcase classname="com.Hexagon.pom.testcases.PortfolioSubred.Subred_FutureDateTest" name="ManualNAVclosing_Intraday" time="108.002"/>
  <system-out/>
  <testcase classname="com.Hexagon.pom.testcases.PortfolioSubred.Subred_FutureDateTest" name="Verify_NAVSummary_Report" time="75.066"/>
  <system-out/>
</testsuite> <!-- com.Hexagon.pom.testcases.PortfolioSubred.Subred_FutureDateTest -->
