<?xml version="1.0" encoding="UTF-8"?>
<!-- Generated by org.testng.reporters.JUnitReportReporter -->
<testsuite hostname="vinoth" failures="0" tests="15" name="com.Hexagon.pom.testcases.MoneyMarket_EarlyMaturity_SingleCurrency.MM_Full_BackDate_ZEROINT" time="1031.255" errors="0" timestamp="2023-12-01T19:38:27 IST" skipped="0">
  <testcase classname="com.Hexagon.pom.testcases.MoneyMarket_EarlyMaturity_SingleCurrency.MM_Full_BackDate_ZEROINT" name="Create_DepositPlacement" time="249.074"/>
  <system-out/>
  <testcase classname="com.Hexagon.pom.testcases.MoneyMarket_EarlyMaturity_SingleCurrency.MM_Full_BackDate_ZEROINT" name="Approve_DepositPlacement" time="70.734"/>
  <system-out/>
  <testcase classname="com.Hexagon.pom.testcases.MoneyMarket_EarlyMaturity_SingleCurrency.MM_Full_BackDate_ZEROINT" name="Rebuild_NAV" time="52.522"/>
  <system-out/>
  <testcase classname="com.Hexagon.pom.testcases.MoneyMarket_EarlyMaturity_SingleCurrency.MM_Full_BackDate_ZEROINT" name="View_AccountingEnquiry_Report" time="48.716"/>
  <system-out/>
  <testcase classname="com.Hexagon.pom.testcases.MoneyMarket_EarlyMaturity_SingleCurrency.MM_Full_BackDate_ZEROINT" name="Verify_BankTransactions_Report" time="52.666"/>
  <system-out/>
  <testcase classname="com.Hexagon.pom.testcases.MoneyMarket_EarlyMaturity_SingleCurrency.MM_Full_BackDate_ZEROINT" name="RebuildNAV" time="42.018"/>
  <system-out/>
  <testcase classname="com.Hexagon.pom.testcases.MoneyMarket_EarlyMaturity_SingleCurrency.MM_Full_BackDate_ZEROINT" name="Create_BulkDepositMaturity" time="63.581"/>
  <system-out/>
  <testcase classname="com.Hexagon.pom.testcases.MoneyMarket_EarlyMaturity_SingleCurrency.MM_Full_BackDate_ZEROINT" name="Approve_BulkDepositMaturity" time="56.337"/>
  <system-out/>
  <testcase classname="com.Hexagon.pom.testcases.MoneyMarket_EarlyMaturity_SingleCurrency.MM_Full_BackDate_ZEROINT" name="Rebuildnav" time="83.241"/>
  <system-out/>
  <testcase classname="com.Hexagon.pom.testcases.MoneyMarket_EarlyMaturity_SingleCurrency.MM_Full_BackDate_ZEROINT" name="Verify_AccountingEnquiry_Report" time="57.465"/>
  <system-out/>
  <testcase classname="com.Hexagon.pom.testcases.MoneyMarket_EarlyMaturity_SingleCurrency.MM_Full_BackDate_ZEROINT" name="Verify_BankTransactionsReport" time="56.081"/>
  <system-out/>
  <testcase classname="com.Hexagon.pom.testcases.MoneyMarket_EarlyMaturity_SingleCurrency.MM_Full_BackDate_ZEROINT" name="BulkMaturity_Reversal" time="52.087"/>
  <system-out/>
  <testcase classname="com.Hexagon.pom.testcases.MoneyMarket_EarlyMaturity_SingleCurrency.MM_Full_BackDate_ZEROINT" name="Reversal_Approval" time="31.392"/>
  <system-out/>
  <testcase classname="com.Hexagon.pom.testcases.MoneyMarket_EarlyMaturity_SingleCurrency.MM_Full_BackDate_ZEROINT" name="Verify_ReversalAccountingEnquiry_Report" time="62.540"/>
  <system-out/>
  <testcase classname="com.Hexagon.pom.testcases.MoneyMarket_EarlyMaturity_SingleCurrency.MM_Full_BackDate_ZEROINT" name="Verify_ReversalBankTransactionsReport" time="52.801"/>
  <system-out/>
</testsuite> <!-- com.Hexagon.pom.testcases.MoneyMarket_EarlyMaturity_SingleCurrency.MM_Full_BackDate_ZEROINT -->
