<?xml version="1.0" encoding="UTF-8"?>
<!-- Generated by org.testng.reporters.JUnitReportReporter -->
<testsuite hostname="vinoth" failures="0" tests="15" name="com.Hexagon.pom.testcases.MoneyMarket_EarlyMaturity_SingleCurrency.MM_Full_CurrentDate_ZEROINT" time="1443.122" errors="0" timestamp="2023-12-01T19:09:45 IST" skipped="0">
  <testcase classname="com.Hexagon.pom.testcases.MoneyMarket_EarlyMaturity_SingleCurrency.MM_Full_CurrentDate_ZEROINT" name="Create_DepositPlacement" time="241.400"/>
  <system-out/>
  <testcase classname="com.Hexagon.pom.testcases.MoneyMarket_EarlyMaturity_SingleCurrency.MM_Full_CurrentDate_ZEROINT" name="Approve_DepositPlacement" time="78.670"/>
  <system-out/>
  <testcase classname="com.Hexagon.pom.testcases.MoneyMarket_EarlyMaturity_SingleCurrency.MM_Full_CurrentDate_ZEROINT" name="ManualNAVclosing" time="63.919"/>
  <system-out/>
  <testcase classname="com.Hexagon.pom.testcases.MoneyMarket_EarlyMaturity_SingleCurrency.MM_Full_CurrentDate_ZEROINT" name="View_AccountingEnquiry_Report" time="48.878"/>
  <system-out/>
  <testcase classname="com.Hexagon.pom.testcases.MoneyMarket_EarlyMaturity_SingleCurrency.MM_Full_CurrentDate_ZEROINT" name="Verify_BankTransactions_Report" time="52.708"/>
  <system-out/>
  <testcase classname="com.Hexagon.pom.testcases.MoneyMarket_EarlyMaturity_SingleCurrency.MM_Full_CurrentDate_ZEROINT" name="Intraday_Freeze" time="326.907"/>
  <system-out/>
  <testcase classname="com.Hexagon.pom.testcases.MoneyMarket_EarlyMaturity_SingleCurrency.MM_Full_CurrentDate_ZEROINT" name="Create_BulkDepositMaturity" time="63.744"/>
  <system-out/>
  <testcase classname="com.Hexagon.pom.testcases.MoneyMarket_EarlyMaturity_SingleCurrency.MM_Full_CurrentDate_ZEROINT" name="Approve_BulkDepositMaturity" time="54.751"/>
  <system-out/>
  <testcase classname="com.Hexagon.pom.testcases.MoneyMarket_EarlyMaturity_SingleCurrency.MM_Full_CurrentDate_ZEROINT" name="ManualNAVClosing" time="74.331"/>
  <system-out/>
  <testcase classname="com.Hexagon.pom.testcases.MoneyMarket_EarlyMaturity_SingleCurrency.MM_Full_CurrentDate_ZEROINT" name="Verify_AccountingEnquiry_Report" time="59.617"/>
  <system-out/>
  <testcase classname="com.Hexagon.pom.testcases.MoneyMarket_EarlyMaturity_SingleCurrency.MM_Full_CurrentDate_ZEROINT" name="Verify_BankTransactionsReport" time="82.980"/>
  <system-out/>
  <testcase classname="com.Hexagon.pom.testcases.MoneyMarket_EarlyMaturity_SingleCurrency.MM_Full_CurrentDate_ZEROINT" name="BulkMaturity_Reversal" time="52.817"/>
  <system-out/>
  <testcase classname="com.Hexagon.pom.testcases.MoneyMarket_EarlyMaturity_SingleCurrency.MM_Full_CurrentDate_ZEROINT" name="Reversal_Approval" time="42.138"/>
  <system-out/>
  <testcase classname="com.Hexagon.pom.testcases.MoneyMarket_EarlyMaturity_SingleCurrency.MM_Full_CurrentDate_ZEROINT" name="Verify_ReversalAccountingEnquiry_Report" time="117.196"/>
  <system-out/>
  <testcase classname="com.Hexagon.pom.testcases.MoneyMarket_EarlyMaturity_SingleCurrency.MM_Full_CurrentDate_ZEROINT" name="Verify_ReversalBankTransactionsReport" time="83.066"/>
  <system-out/>
</testsuite> <!-- com.Hexagon.pom.testcases.MoneyMarket_EarlyMaturity_SingleCurrency.MM_Full_CurrentDate_ZEROINT -->
