<?xml version="1.0" encoding="UTF-8"?>
<!-- Generated by org.testng.reporters.JUnitReportReporter -->
<testsuite hostname="vinoth" failures="0" tests="15" name="com.Hexagon.pom.testcases.MoneyMarket_FullMaturity_MultiCurrency.MM_Full_BackDate_ZEROINT" time="1049.856" errors="0" timestamp="2023-12-04T14:27:24 IST" skipped="0">
  <testcase classname="com.Hexagon.pom.testcases.MoneyMarket_FullMaturity_MultiCurrency.MM_Full_BackDate_ZEROINT" name="Create_DepositPlacement" time="230.432"/>
  <system-out/>
  <testcase classname="com.Hexagon.pom.testcases.MoneyMarket_FullMaturity_MultiCurrency.MM_Full_BackDate_ZEROINT" name="Approve_DepositPlacement" time="54.992"/>
  <system-out/>
  <testcase classname="com.Hexagon.pom.testcases.MoneyMarket_FullMaturity_MultiCurrency.MM_Full_BackDate_ZEROINT" name="Rebuild_NAV" time="60.544"/>
  <system-out/>
  <testcase classname="com.Hexagon.pom.testcases.MoneyMarket_FullMaturity_MultiCurrency.MM_Full_BackDate_ZEROINT" name="View_AccountingEnquiry_Report" time="46.872"/>
  <system-out/>
  <testcase classname="com.Hexagon.pom.testcases.MoneyMarket_FullMaturity_MultiCurrency.MM_Full_BackDate_ZEROINT" name="Verify_BankTransactions_Report" time="54.924"/>
  <system-out/>
  <testcase classname="com.Hexagon.pom.testcases.MoneyMarket_FullMaturity_MultiCurrency.MM_Full_BackDate_ZEROINT" name="RebuildNAV" time="41.407"/>
  <system-out/>
  <testcase classname="com.Hexagon.pom.testcases.MoneyMarket_FullMaturity_MultiCurrency.MM_Full_BackDate_ZEROINT" name="Create_BulkDepositMaturity" time="110.069"/>
  <system-out/>
  <testcase classname="com.Hexagon.pom.testcases.MoneyMarket_FullMaturity_MultiCurrency.MM_Full_BackDate_ZEROINT" name="Approve_BulkDepositMaturity" time="55.933"/>
  <system-out/>
  <testcase classname="com.Hexagon.pom.testcases.MoneyMarket_FullMaturity_MultiCurrency.MM_Full_BackDate_ZEROINT" name="Rebuildnav" time="90.251"/>
  <system-out/>
  <testcase classname="com.Hexagon.pom.testcases.MoneyMarket_FullMaturity_MultiCurrency.MM_Full_BackDate_ZEROINT" name="Verify_AccountingEnquiry_Report" time="55.617"/>
  <system-out/>
  <testcase classname="com.Hexagon.pom.testcases.MoneyMarket_FullMaturity_MultiCurrency.MM_Full_BackDate_ZEROINT" name="Verify_BankTransactionsReport" time="54.978"/>
  <system-out/>
  <testcase classname="com.Hexagon.pom.testcases.MoneyMarket_FullMaturity_MultiCurrency.MM_Full_BackDate_ZEROINT" name="BulkMaturity_Reversal" time="51.736"/>
  <system-out/>
  <testcase classname="com.Hexagon.pom.testcases.MoneyMarket_FullMaturity_MultiCurrency.MM_Full_BackDate_ZEROINT" name="Reversal_Approval" time="28.761"/>
  <system-out/>
  <testcase classname="com.Hexagon.pom.testcases.MoneyMarket_FullMaturity_MultiCurrency.MM_Full_BackDate_ZEROINT" name="Verify_ReversalAccountingEnquiry_Report" time="58.213"/>
  <system-out/>
  <testcase classname="com.Hexagon.pom.testcases.MoneyMarket_FullMaturity_MultiCurrency.MM_Full_BackDate_ZEROINT" name="Verify_ReversalBankTransactionsReport" time="55.127"/>
  <system-out/>
</testsuite> <!-- com.Hexagon.pom.testcases.MoneyMarket_FullMaturity_MultiCurrency.MM_Full_BackDate_ZEROINT -->
